<?xml version="1.0" encoding="UTF-8"?>
<testng-results skipped="0" failed="0" ignored="0" total="1" passed="1">
  <reporter-output>
  </reporter-output>
  <suite name="Default suite" duration-ms="2237" started-at="2020-06-01T19:14:54 IST" finished-at="2020-06-01T19:14:56 IST">
    <groups>
    </groups>
    <test name="Default test" duration-ms="2237" started-at="2020-06-01T19:14:54 IST" finished-at="2020-06-01T19:14:56 IST">
      <class name="Examples">
        <test-method status="PASS" signature="test_get()[pri:0, instance:Examples@3d99d22e]" name="test_get" duration-ms="2173" started-at="2020-06-01T19:14:54 IST" finished-at="2020-06-01T19:14:56 IST">
          <reporter-output>
          </reporter-output>
        </test-method> <!-- test_get -->
      </class> <!-- Examples -->
    </test> <!-- Default test -->
  </suite> <!-- Default suite -->
</testng-results>
